code-creation,Stub,0x40c0c020,296,"JSEntryStub"
code-creation,Stub,0x40c0c160,296,"JSConstructEntryStub"
code-creation,Stub,0x40c78020,860,"CEntryStub"
code-creation,Builtin,0x40c0c2a0,60,"Illegal"
code-creation,Builtin,0x40c0c2e0,60,"EmptyFunction"
code-creation,Builtin,0x40c0c320,60,"ArrayCodeGeneric"
code-creation,Builtin,0x40c0c360,60,"ArrayPush"
code-creation,Builtin,0x40c0c3a0,60,"ArrayPop"
code-creation,Builtin,0x40c0c3e0,60,"ArrayShift"
code-creation,Builtin,0x40c0c420,60,"ArrayUnshift"
code-creation,Builtin,0x40c0c460,60,"ArraySlice"
code-creation,Builtin,0x40c0c4a0,60,"ArraySplice"
code-creation,Builtin,0x40c0c4e0,60,"ArrayConcat"
code-creation,Builtin,0x40c0c520,64,"HandleApiCall"
code-creation,Builtin,0x40c0c560,60,"FastHandleApiCall"
code-creation,Builtin,0x40c0c5a0,64,"HandleApiCallConstruct"
code-creation,Builtin,0x40c0c5e0,60,"HandleApiCallAsFunction"
code-creation,Builtin,0x40c0c620,60,"HandleApiCallAsConstructor"
code-creation,Builtin,0x40c0c660,60,"StrictArgumentsCallee"
code-creation,Builtin,0x40c0c6a0,60,"StrictArgumentsCaller"
code-creation,Builtin,0x40c0c6e0,60,"StrictFunctionCaller"
code-creation,Builtin,0x40c0c720,60,"StrictFunctionArguments"
code-creation,Builtin,0x40c0c760,196,"ArgumentsAdaptorTrampoline"
code-creation,Builtin,0x40c0c840,104,"JSConstructCall"
code-creation,Builtin,0x40c0c8c0,608,"JSConstructStubCountdown"
code-creation,Builtin,0x40c0cb20,540,"JSConstructStubGeneric"
code-creation,Builtin,0x40c0cd40,508,"JSConstructStubApi"
code-creation,Builtin,0x40c0cf40,200,"JSEntryTrampoline"
code-creation,Builtin,0x40c0d020,164,"JSConstructEntryTrampoline"
code-creation,Builtin,0x40c0d0e0,116,"LazyCompile"
code-creation,Builtin,0x40c0d160,116,"LazyRecompile"
code-creation,Builtin,0x40c0d1e0,156,"NotifyDeoptimized"
code-creation,Builtin,0x40c0d280,156,"NotifyLazyDeoptimized"
code-creation,Builtin,0x40c0d320,108,"NotifyOSR"
code-creation,Builtin,0x40c0d3a0,68,"LoadIC_Miss"
code-creation,Builtin,0x40c0d400,64,"KeyedLoadIC_Miss"
code-creation,Builtin,0x40c0d440,68,"StoreIC_Miss"
code-creation,Builtin,0x40c0d4a0,64,"KeyedStoreIC_Miss"
code-creation,Builtin,0x40c0d4e0,68,"LoadIC_Initialize"
code-creation,Builtin,0x40c0d540,68,"LoadIC_PreMonomorphic"
code-creation,Builtin,0x40c0d5a0,304,"LoadIC_Normal"
code-creation,Builtin,0x40c0d6e0,80,"LoadIC_ArrayLength"
code-creation,Builtin,0x40c0d740,84,"LoadIC_StringLength"
code-creation,Builtin,0x40c0d7a0,132,"LoadIC_StringWrapperLength"
code-creation,Builtin,0x40c0d840,136,"LoadIC_FunctionPrototype"
code-creation,Builtin,0x40c0d8e0,268,"LoadIC_Megamorphic"
code-creation,Builtin,0x40c0da00,64,"KeyedLoadIC_Initialize"
code-creation,Builtin,0x40c0da40,64,"KeyedLoadIC_PreMonomorphic"
code-creation,Builtin,0x40c0da80,788,"KeyedLoadIC_Generic"
code-creation,Builtin,0x40c0e020,668,"KeyedLoadIC_String"
code-creation,Builtin,0x40c0e2c0,128,"KeyedLoadIC_IndexedInterceptor"
code-creation,Builtin,0x40c0e340,68,"StoreIC_Initialize"
code-creation,Builtin,0x40c0e3a0,148,"StoreIC_ArrayLength"
code-creation,Builtin,0x40c0e440,364,"StoreIC_Normal"
code-creation,Builtin,0x40c0e5c0,268,"StoreIC_Megamorphic"
code-creation,Builtin,0x40c0e6e0,80,"StoreIC_GlobalProxy"
code-creation,Builtin,0x40c0e740,68,"StoreIC_Initialize_Strict"
code-creation,Builtin,0x40c0e7a0,148,"StoreIC_ArrayLength_Strict"
code-creation,Builtin,0x40c0e840,364,"StoreIC_Normal_Strict"
code-creation,Builtin,0x40c0e9c0,268,"StoreIC_Megamorphic_Strict"
code-creation,Builtin,0x40c0eae0,80,"StoreIC_GlobalProxy_Strict"
code-creation,Builtin,0x40c0eb40,64,"KeyedStoreIC_Initialize"
code-creation,Builtin,0x40c0eb80,304,"KeyedStoreIC_Generic"
code-creation,Builtin,0x40c0ecc0,64,"KeyedStoreIC_Initialize_Strict"
code-creation,Builtin,0x40c0ed00,304,"KeyedStoreIC_Generic_Strict"
code-creation,Builtin,0x40c0ee40,404,"FunctionCall"
code-creation,Builtin,0x40c0efe0,436,"FunctionApply"
code-creation,Builtin,0x40c0f1a0,600,"ArrayCode"
code-creation,Builtin,0x40c0f400,588,"ArrayConstructCode"
code-creation,Builtin,0x40c0f660,440,"StringConstructCode"
code-creation,Builtin,0x40c0f820,836,"OnStackReplacement"
code-creation,Builtin,0x40c0fb80,120,"Return_DebugBreak"
code-creation,Builtin,0x40c0fc00,128,"ConstructCall_DebugBreak"
code-creation,Builtin,0x40c0fc80,112,"StubNoRegisters_DebugBreak"
code-creation,Builtin,0x40c0fd00,120,"LoadIC_DebugBreak"
code-creation,Builtin,0x40c0fd80,120,"KeyedLoadIC_DebugBreak"
code-creation,Builtin,0x40c0fe00,120,"StoreIC_DebugBreak"
code-creation,Builtin,0x40c0fe80,120,"KeyedStoreIC_DebugBreak"
code-creation,Builtin,0x40c0ff00,112,"Slot_DebugBreak"
code-creation,Builtin,0x40c0ff80,80,"PlainReturn_LiveEdit"
code-creation,Builtin,0x40c10020,80,"FrameDropper_LiveEdit"
code-creation,Stub,0x40c10080,60,"StackCheckStub"
code-creation,Script,0x40c100c0,816,"native runtime.js",0x400224ec,
code-creation,CallInitialize,0x40c10400,200,"args_count: 1"
code-creation,CallInitialize,0x40c104e0,200,"args_count: 2"
code-creation,LazyCompile,0x40c105c0,1568,"EQUALS native runtime.js:54",0x40021498,
code-creation,LazyCompile,0x40c10be0,368,"STRICT_EQUALS native runtime.js:93",0x400214f4,
code-creation,Stub,0x40c10d60,224,"StringCompare"
code-creation,Stub,0x40c10e40,136,"CompareIC"
code-creation,LazyCompile,0x40c10ee0,1180,"COMPARE native runtime.js:113",0x40021550,
code-creation,Stub,0x40c11380,1208,"StringAdd"
code-creation,LazyCompile,0x40c11840,784,"ADD native runtime.js:156",0x400215ac,
code-creation,LazyCompile,0x40c11b60,304,"SUB native runtime.js:207",0x400216c0,
code-creation,LazyCompile,0x40c11ca0,304,"MUL native runtime.js:215",0x4002171c,
code-creation,LazyCompile,0x40c11de0,304,"DIV native runtime.js:223",0x40021778,
code-creation,LazyCompile,0x40c12020,304,"MOD native runtime.js:231",0x400217d4,
code-creation,LazyCompile,0x40c12160,304,"BIT_OR native runtime.js:245",0x40021830,
code-creation,LazyCompile,0x40c122a0,440,"BIT_AND native runtime.js:253",0x4002188c,
code-creation,LazyCompile,0x40c12460,304,"BIT_XOR native runtime.js:275",0x400218e8,
code-creation,LazyCompile,0x40c125a0,220,"UNARY_MINUS native runtime.js:283",0x40021944,
code-creation,LazyCompile,0x40c12680,220,"BIT_NOT native runtime.js:290",0x400219a0,
code-creation,LazyCompile,0x40c12760,304,"SHL native runtime.js:297",0x400219fc,
code-creation,LazyCompile,0x40c128a0,440,"SAR native runtime.js:305",0x40021a58,
code-creation,LazyCompile,0x40c12a60,304,"SHR native runtime.js:327",0x40021ab4,
code-creation,LazyCompile,0x40c12ba0,224,"DELETE native runtime.js:341",0x40021b10,
code-creation,Stub,0x40c12c80,204,"FastCloneShallowArrayStub"
code-creation,LazyCompile,0x40c12d60,520,"IN native runtime.js:347",0x40021b6c,
code-creation,Stub,0x40c12f80,196,"FastCloneShallowArrayStub"
code-creation,Stub,0x40c13060,168,"ToBoolean"
code-creation,LazyCompile,0x40c13120,736,"INSTANCE_OF native runtime.js:359",0x40021bc8,
code-creation,LazyCompile,0x40c13400,128,"GET_KEYS native runtime.js:383",0x40021c24,
code-creation,LazyCompile,0x40c13480,276,"FILTER_KEY native runtime.js:391",0x40021c80,
code-creation,Stub,0x40c135a0,280,"ArgumentsAccessStub"
code-creation,LazyCompile,0x40c136c0,480,"CALL_NON_FUNCTION native runtime.js:398",0x40021cdc,
code-creation,LazyCompile,0x40c138a0,480,"CALL_NON_FUNCTION_AS_CONSTRUCTOR native runtime.js:407",0x40021d38,
code-creation,LazyCompile,0x40c13a80,140,"TO_OBJECT native runtime.js:458",0x40021e4c,
code-creation,LazyCompile,0x40c13b20,140,"TO_NUMBER native runtime.js:464",0x40021ea8,
code-creation,LazyCompile,0x40c13bc0,140,"TO_STRING native runtime.js:470",0x40021f04,
code-creation,Stub,0x40c13c60,136,"CompareIC"
code-creation,Stub,0x40c13d00,200,"NumberToStringStub"
code-creation,LazyCompile,0x40c14020,628,"STRING_ADD_LEFT native runtime.js:176",0x40021608,
code-creation,LazyCompile,0x40c142a0,644,"STRING_ADD_RIGHT native runtime.js:191",0x40021664,
code-creation,Stub,0x40c14540,136,"CompareIC"
code-creation,Stub,0x40c145e0,136,"CompareIC"
code-creation,Stub,0x40c14680,136,"CompareIC"
code-creation,Stub,0x40c14720,168,"FastCloneShallowArrayStub"
code-creation,LazyCompile,0x40c147e0,1260,"APPLY_PREPARE native runtime.js:416",0x40021d94,
code-creation,LazyCompile,0x40c14ce0,208,"APPLY_OVERFLOW native runtime.js:452",0x40021df0,
code-creation,CallInitialize,0x40c14dc0,200,"args_count: 0"
code-creation,Script,0x40c14ea0,3788,"native v8natives.js",0x40025180,
code-creation,CallPreMonomorphic,0x40c15d80,200,"args_count: 0"
code-creation,CallInitialize,0x40c15e60,200,"args_count: 10"
code-creation,CallInitialize,0x40c16020,200,"args_count: 3"
code-creation,LazyCompile,0x40c16100,660,"SetupGlobal native v8natives.js:153",0x40023674,
code-creation,CallPreMonomorphic,0x40c163a0,200,"args_count: 10"
code-creation,CallPreMonomorphic,0x40c16480,200,"args_count: 3"
code-creation,Stub,0x40c16560,80,"TypeRecordingBinaryOpStub_SAR_Alloc_Uninitialized"
code-creation,Stub,0x40c165c0,80,"TypeRecordingBinaryOpStub_ADD_Alloc_Uninitialized"
code-creation,LazyCompile,0x40c16620,724,"InstallFunctions native v8natives.js:49",0x400233f0,
code-creation,Stub,0x40c16900,160,"CompareIC"
code-creation,Stub,0x40c169a0,132,"TypeRecordingBinaryOpStub_SAR_Alloc_SMI"
code-creation,Stub,0x40c16a40,160,"CompareIC"
code-creation,KeyedLoadIC,0x40c16ae0,128,""
code-creation,KeyedLoadIC,0x40c16ae0,128,"args_count: 0"
code-creation,Stub,0x40c16b60,128,"TypeRecordingBinaryOpStub_ADD_Alloc_SMI"
code-creation,LazyCompile,0x40c16be0,308,"$Object.constructor native v8natives.js:180",0x40024978,
code-creation,CallPreMonomorphic,0x40c16d20,200,"args_count: 1"
code-creation,LazyCompile,0x40c16e00,456,"ToBoolean native runtime.js:493",0x40022020,
code-creation,StoreIC,0x40c16fe0,152,"constructor"
code-creation,StoreIC,0x40c16fe0,152,"constructor"
code-creation,LazyCompile,0x40c17080,392,"a native v8natives.js:923",0x400250a8,
code-creation,CallInitialize,0x40c17220,200,"args_count: 20"
code-creation,CallInitialize,0x40c17300,200,"args_count: 26"
code-creation,LazyCompile,0x40c173e0,1240,"SetupObject native v8natives.js:938",0x400243b8,
code-creation,CallPreMonomorphic,0x40c178c0,200,"args_count: 20"
code-creation,CallPreMonomorphic,0x40c179a0,200,"args_count: 26"
code-creation,CallInitialize,0x40c17a80,200,"args_count: 4"
code-creation,LazyCompile,0x40c17b60,296,"SetupBoolean native v8natives.js:1001",0x400244cc,
code-creation,CallPreMonomorphic,0x40c17ca0,200,"args_count: 4"
code-creation,LazyCompile,0x40c17d80,352,"b native v8natives.js:1014",0x40025104,
code-creation,Stub,0x40c17ee0,156,"CompareIC"
code-creation,LazyCompile,0x40c18020,536,"ToNumber native runtime.js:503",0x4002207c,
code-creation,CallInitialize,0x40c18240,200,"args_count: 12"
code-creation,LazyCompile,0x40c18320,1204,"SetupNumber native v8natives.js:1106",0x40024750,
code-creation,CallPreMonomorphic,0x40c187e0,200,"args_count: 12"
code-creation,Stub,0x40c188c0,80,"TypeRecordingBinaryOpStub_SUB_Alloc_Uninitialized"
code-creation,Stub,0x40c18920,140,"ArgumentsAccessStub"
code-creation,Stub,0x40c189c0,88,"ToNumberStub"
code-creation,Stub,0x40c18a20,80,"TypeRecordingBinaryOpStub_ADD_OverwriteLeft_Uninitialized"
code-creation,Stub,0x40c18a80,244,"CallFunction"
code-creation,LazyCompile,0x40c18b80,1316,"NewFunction native v8natives.js:1248",0x400248c0,
code-creation,LazyCompile,0x40c190c0,296,"SetupFunction native v8natives.js:1274",0x4002491c,
code-creation,Script,0x40c19200,280,"native array.js",0x40026e24,
code-creation,Stub,0x40c19320,168,"FastNewContextStub"
code-creation,Function,0x40c193e0,344,"getFunction native array.js:1192",0x40027454,
code-creation,Stub,0x40c19540,188,"FastNewClosureStub"
code-creation,Stub,0x40c19600,244,"CallFunction"
code-creation,Stub,0x40c19700,244,"CallFunction"
code-creation,CallInitialize,0x40c19800,200,"args_count: 42"
code-creation,Function,0x40c198e0,152,"SetupArray.InternalArray.toString native array.js:1243",0x400274cc,
code-creation,LazyCompile,0x40c1a020,3452,"SetupArray native array.js:1180",0x40026da8,
code-creation,CallPreMonomorphic,0x40c1ada0,200,"args_count: 2"
code-creation,LazyCompile,0x40c1ae80,208,"hasOwnProperty native v8natives.js:216",0x400237e4,
code-creation,LazyCompile,0x40c1af60,576,"ToObject native runtime.js:543",0x400221ec,
code-creation,LazyCompile,0x40c1b1a0,488,"ToString native runtime.js:526",0x40022134,
code-creation,CallMiss,0x40c1b3a0,200,"args_count: 1"
code-creation,CallIC,0x40c1b480,132,"hasOwnProperty"
code-creation,CallIC,0x40c1b520,124,"ToObject"
code-creation,CallIC,0x40c1b5a0,124,"ToString"
code-creation,KeyedLoadIC,0x40c1b620,104,"push"
code-creation,KeyedLoadIC,0x40c1b620,104,"push"
code-creation,KeyedLoadIC,0x40c1b6a0,104,"concat"
code-creation,KeyedLoadIC,0x40c1b6a0,104,"concat"
code-creation,CallPreMonomorphic,0x40c1b720,200,"args_count: 42"
code-creation,LazyCompile,0x40c1b800,248,"InstallFunctionsOnHiddenPrototype native v8natives.js:67",0x4002344c,
code-creation,Stub,0x40c1b900,168,"FastCloneShallowArrayStub"
code-creation,Script,0x40c1b9c0,1172,"native string.js",0x40028de8,
code-creation,LazyCompile,0x40c1be60,404,"b native string.js:36",0x40028c58,
code-creation,CallInitialize,0x40c1c020,200,"args_count: 70"
code-creation,LazyCompile,0x40c1c100,1880,"SetupString native string.js:863",0x40028bfc,
code-creation,CallPreMonomorphic,0x40c1c860,200,"args_count: 70"
code-creation,LoadIC,0x40c1c940,88,"$Object"
code-creation,LoadIC,0x40c1c940,88,"$Object"
code-creation,CallMiss,0x40c1c9a0,200,"args_count: 3"
code-creation,CallIC,0x40c1ca80,124,"InstallFunctions"
code-creation,Script,0x40c1cb00,288,"native uri.js",0x40029e44,
code-creation,LazyCompile,0x40c1cc20,436,"SetupURI native uri.js:389",0x40029dc8,
code-creation,Script,0x40c1cde0,744,"native math.js",0x4002aa28,
code-creation,LazyCompile,0x40c1d0e0,92,"MathConstructor native math.js:38",0x4002a2d8,
code-creation,CallInitialize,0x40c1d140,200,"args_count: 36"
code-creation,LazyCompile,0x40c1d220,1700,"SetupMath native math.js:198",0x4002a9ac,
code-creation,CallPreMonomorphic,0x40c1d8e0,200,"args_count: 36"
code-creation,Script,0x40c1e020,5528,"native messages.js",0x4002d404,
code-creation,LazyCompile,0x40c1f5c0,180,"kMessages.cyclic_proto native messages.js:133",0x4002c808,
code-creation,Function,0x40c1f680,92,"ErrorPrototype native messages.js:984",0x4002de18,
code-creation,Function,0x40c1f6e0,212," native messages.js:1010",0x4002de94,
code-creation,Function,0x40c1f7c0,652," native messages.js:999",0x4002df10,
code-creation,LazyCompile,0x40c1fa60,1020,"DefineError native messages.js:968",0x4002c698,
code-creation,Stub,0x40c20020,1452,"StringAdd"
code-creation,Stub,0x40c205e0,1452,"StringAdd"
code-creation,Stub,0x40c20ba0,160,"TypeRecordingBinaryOpStub_ADD_Alloc_Strings"
code-creation,Stub,0x40c20c40,548,"CompareStub_EQ_r1_r0"
code-creation,LoadIC,0x40c20e80,88,"global"
code-creation,LoadIC,0x40c20e80,88,"global"
code-creation,Stub,0x40c20ee0,516,"CompareStub_EQ_r1_r0_STRICT"
code-creation,Function,0x40c21100,148," native messages.js:1031",0x4002e020,
code-creation,LazyCompile,0x40c211a0,672,"captureStackTrace native messages.js:1023",0x4002c6f4,
code-creation,LoadIC,0x40c21440,100,"$Error"
code-creation,LoadIC,0x40c21440,100,"$Error"
code-creation,LoadIC,0x40c214c0,88,"kAddMessageAccessorsMarker"
code-creation,LoadIC,0x40c214c0,88,"kAddMessageAccessorsMarker"
code-creation,CallMiss,0x40c21520,200,"args_count: 2"
code-creation,CallIC,0x40c21600,124,"captureStackTrace"
code-creation,LoadIC,0x40c21680,140,""
code-creation,LoadIC,0x40c21680,140,""
code-creation,LazyCompile,0x40c21720,172,"MakeRangeError native messages.js:277",0x4002c134,
code-creation,LazyCompile,0x40c217e0,320,"MakeGenericError native messages.js:117",0x4002bf44,
code-creation,Stub,0x40c21920,180,"FastNewContextStub"
code-creation,Stub,0x40c219e0,244,"CallFunction"
code-creation,Function,0x40c21ae0,396,"DefineOneShotAccessor.a.__defineSetter__.d native messages.js:683",0x4002e124,
code-creation,Function,0x40c21c80,240," native messages.js:691",0x4002e1a0,
code-creation,LazyCompile,0x40c21d80,476,"DefineOneShotAccessor native messages.js:677",0x4002c470,
code-creation,LazyCompile,0x40c22020,708,"__defineGetter__ native v8natives.js:235",0x400238f8,
code-creation,LazyCompile,0x40c22300,560,"PropertyDescriptor native v8natives.js:376",0x40023cec,
code-creation,LazyCompile,0x40c22540,168,"PropertyDescriptor.setGet native v8natives.js:462",0x40024e80,
code-creation,StoreIC,0x40c22600,148,"get_"
code-creation,StoreIC,0x40c22600,148,"get_"
code-creation,StoreIC,0x40c226a0,148,"hasGetter_"
code-creation,StoreIC,0x40c226a0,148,"hasGetter_"
code-creation,LazyCompile,0x40c22740,168,"PropertyDescriptor.setEnumerable native v8natives.js:414",0x40024b44,
code-creation,StoreIC,0x40c22800,148,"enumerable_"
code-creation,StoreIC,0x40c22800,148,"enumerable_"
code-creation,StoreIC,0x40c228a0,148,"hasEnumerable_"
code-creation,StoreIC,0x40c228a0,148,"hasEnumerable_"
code-creation,LazyCompile,0x40c22940,168,"PropertyDescriptor.setConfigurable native v8natives.js:446",0x40024d6c,
code-creation,StoreIC,0x40c22a00,148,"configurable_"
code-creation,StoreIC,0x40c22a00,148,"configurable_"
code-creation,StoreIC,0x40c22aa0,148,"hasConfigurable_"
code-creation,StoreIC,0x40c22aa0,148,"hasConfigurable_"
code-creation,Stub,0x40c22b40,80,"TypeRecordingBinaryOpStub_BIT_OR_Alloc_Uninitialized"
code-creation,LazyCompile,0x40c7a020,9000,"DefineOwnProperty native v8natives.js:554",0x40023eb8,
code-creation,LazyCompile,0x40c22ba0,776,"ConvertDescriptorArrayToDescriptor native v8natives.js:497",0x40023d48,
code-creation,LazyCompile,0x40c22ec0,120,"PropertyDescriptor.hasEnumerable native v8natives.js:425",0x40024bfc,
code-creation,LazyCompile,0x40c22f40,120,"PropertyDescriptor.isEnumerable native v8natives.js:420",0x40024ba0,
code-creation,Stub,0x40c22fc0,124,"TypeRecordingBinaryOpStub_BIT_OR_Alloc_SMI"
code-creation,LazyCompile,0x40c23040,120,"PropertyDescriptor.hasConfigurable native v8natives.js:452",0x40024dc8,
code-creation,LazyCompile,0x40c230c0,120,"PropertyDescriptor.isConfigurable native v8natives.js:457",0x40024e24,
code-creation,LazyCompile,0x40c23140,284,"IsDataDescriptor native v8natives.js:297",0x40023b20,
code-creation,LazyCompile,0x40c23260,332,"IsGenericDescriptor native v8natives.js:304",0x40023b7c,
code-creation,LazyCompile,0x40c233c0,284,"IsAccessorDescriptor native v8natives.js:290",0x40023ac4,
code-creation,CallIC,0x40c234e0,124,"IsAccessorDescriptor"
code-creation,LoadIC,0x40c23560,84,"hasGetter_"
code-creation,LoadIC,0x40c23560,84,"hasGetter_"
code-creation,LazyCompile,0x40c235c0,120,"PropertyDescriptor.hasGetter native v8natives.js:473",0x40024f38,
code-creation,LazyCompile,0x40c23640,120,"PropertyDescriptor.getGet native v8natives.js:468",0x40024edc,
code-creation,LazyCompile,0x40c236c0,120,"PropertyDescriptor.hasSetter native v8natives.js:489",0x4002504c,
code-creation,LazyCompile,0x40c23740,708,"__defineSetter__ native v8natives.js:258",0x400239b0,
code-creation,StoreIC,0x40c23a20,160,"value_"
code-creation,StoreIC,0x40c23a20,160,"value_"
code-creation,StoreIC,0x40c23ac0,160,"hasValue_"
code-creation,StoreIC,0x40c23ac0,160,"hasValue_"
code-creation,StoreIC,0x40c23b60,160,"writable_"
code-creation,StoreIC,0x40c23b60,160,"writable_"
code-creation,StoreIC,0x40c23c00,160,"hasWritable_"
code-creation,StoreIC,0x40c23c00,160,"hasWritable_"
code-creation,StoreIC,0x40c23ca0,160,"enumerable_"
code-creation,StoreIC,0x40c23ca0,160,"enumerable_"
code-creation,StoreIC,0x40c23d40,160,"hasEnumerable_"
code-creation,StoreIC,0x40c23d40,160,"hasEnumerable_"
code-creation,StoreIC,0x40c23de0,160,"configurable_"
code-creation,StoreIC,0x40c23de0,160,"configurable_"
code-creation,StoreIC,0x40c23e80,160,"hasConfigurable_"
code-creation,StoreIC,0x40c23e80,160,"hasConfigurable_"
code-creation,StoreIC,0x40c23f20,160,"get_"
code-creation,StoreIC,0x40c23f20,160,"get_"
code-creation,StoreIC,0x40c24020,160,"hasGetter_"
code-creation,StoreIC,0x40c24020,160,"hasGetter_"
code-creation,StoreIC,0x40c240c0,160,"set_"
code-creation,StoreIC,0x40c240c0,160,"set_"
code-creation,StoreIC,0x40c24160,160,"hasSetter_"
code-creation,StoreIC,0x40c24160,160,"hasSetter_"
code-creation,LazyCompile,0x40c24200,168,"PropertyDescriptor.setSet native v8natives.js:478",0x40024f94,
code-creation,StoreIC,0x40c242c0,148,"set_"
code-creation,StoreIC,0x40c242c0,148,"set_"
code-creation,StoreIC,0x40c24360,148,"hasSetter_"
code-creation,StoreIC,0x40c24360,148,"hasSetter_"
code-creation,CallIC,0x40c24400,124,"ConvertDescriptorArrayToDescriptor"
code-creation,LoadIC,0x40c24480,84,"hasValue_"
code-creation,LoadIC,0x40c24480,84,"hasValue_"
code-creation,LoadIC,0x40c244e0,84,"hasWritable_"
code-creation,LoadIC,0x40c244e0,84,"hasWritable_"
code-creation,LoadIC,0x40c24540,84,"hasEnumerable_"
code-creation,LoadIC,0x40c24540,84,"hasEnumerable_"
code-creation,LoadIC,0x40c245a0,84,"enumerable_"
code-creation,LoadIC,0x40c245a0,84,"enumerable_"
code-creation,Stub,0x40c24600,80,"TypeRecordingBinaryOpStub_DIV_Alloc_Uninitialized"
code-creation,LazyCompile,0x40c24660,568,"SameValue native runtime.js:576",0x4002235c,
code-creation,LoadIC,0x40c248a0,84,"hasConfigurable_"
code-creation,LoadIC,0x40c248a0,84,"hasConfigurable_"
code-creation,LoadIC,0x40c24900,84,"configurable_"
code-creation,LoadIC,0x40c24900,84,"configurable_"
code-creation,LazyCompile,0x40c24960,120,"PropertyDescriptor.hasWritable native v8natives.js:441",0x40024d10,
code-creation,LazyCompile,0x40c249e0,120,"PropertyDescriptor.hasValue native v8natives.js:409",0x40024ae8,
code-creation,LoadIC,0x40c24a60,84,"hasSetter_"
code-creation,LoadIC,0x40c24a60,84,"hasSetter_"
code-creation,LazyCompile,0x40c24ac0,120,"PropertyDescriptor.getSet native v8natives.js:484",0x40024ff0,
code-creation,LoadIC,0x40c24b40,84,"set_"
code-creation,LoadIC,0x40c24b40,84,"set_"
code-creation,CallMiss,0x40c24ba0,200,"args_count: 0"
code-creation,CallIC,0x40c24c80,128,"hasEnumerable"
code-creation,CallIC,0x40c24d00,128,"isEnumerable"
code-creation,CallIC,0x40c24d80,128,"hasConfigurable"
code-creation,CallIC,0x40c24e00,128,"isConfigurable"
code-creation,CallIC,0x40c24e80,124,"IsDataDescriptor"
code-creation,CallIC,0x40c24f00,124,"IsGenericDescriptor"
code-creation,CallIC,0x40c24f80,128,"hasGetter"
code-creation,CallIC,0x40c25000,128,"hasSetter"
code-creation,LoadIC,0x40c25080,140,""
code-creation,LoadIC,0x40c25080,140,""
code-creation,StoreIC,0x40c25120,152,"type"
code-creation,StoreIC,0x40c25120,152,"type"
code-creation,StoreIC,0x40c251c0,152,"arguments"
code-creation,StoreIC,0x40c251c0,152,"arguments"
code-creation,Script,0x40c25260,292,"native apinatives.js",0x4002e844,
code-creation,Stub,0x40c253a0,212,"FastCloneShallowArrayStub"
code-creation,Script,0x40c25480,1912,"native date.js",0x40030bc0,
code-creation,StoreIC,0x40c25c00,148,"time"
code-creation,StoreIC,0x40c25c00,148,"time"
code-creation,StoreIC,0x40c25ca0,148,"year"
code-creation,StoreIC,0x40c25ca0,148,"year"
code-creation,Stub,0x40c25d40,136,"CompareIC"
code-creation,LazyCompile,0x40c26020,2448,"WeekDays native date.js:398",0x40030b44,
code-creation,LazyCompile,0x40c269c0,436,"TimeClip native date.js:378",0x4002f5ec,
code-creation,LazyCompile,0x40c26b80,356,"isFinite native v8natives.js:85",0x40023504,
code-creation,Stub,0x40c26d00,216,"TypeRecordingBinaryOpStub_SUB_Alloc_HeapNumbers"
code-creation,Stub,0x40c26de0,236,"CompareIC"
code-creation,CallInitialize,0x40c26ee0,200,"args_count: 6"
code-creation,CallInitialize,0x40c26fc0,200,"args_count: 92"
code-creation,LazyCompile,0x40c270a0,2400,"SetupDate native date.js:1040",0x40030ae8,
code-creation,CallPreMonomorphic,0x40c27a00,200,"args_count: 6"
code-creation,CallPreMonomorphic,0x40c27ae0,200,"args_count: 92"
code-creation,Script,0x40c27bc0,276,"native json.js",0x40031d04,
code-creation,LazyCompile,0x40c27ce0,276,"SetupJSON native json.js:335",0x40031c88,
code-creation,Script,0x40c28020,552,"native regexp.js",0x4003264c,
code-creation,Function,0x40c28260,212,"RegExpGetInput native regexp.js:422",0x4003294c,
code-creation,Function,0x40c28340,188,"RegExpSetInput native regexp.js:426",0x400329c8,
code-creation,Function,0x40c28400,104,"RegExpGetMultiline native regexp.js:446",0x40032a40,
code-creation,Function,0x40c28480,256,"RegExpSetMultiline native regexp.js:447",0x40032abc,
code-creation,Function,0x40c28580,92,"NoOpSetter native regexp.js:455",0x40032b38,
code-creation,CallInitialize,0x40c285e0,200,"args_count: 8"
code-creation,CallInitialize,0x40c286c0,200,"args_count: 1"
code-creation,LazyCompile,0x40c287a0,4052,"SetupRegExp native regexp.js:403",0x400325d0,
code-creation,LazyCompile,0x40c29780,328,"RegExpConstructor native regexp.js:81",0x40032124,
code-creation,CallPreMonomorphic,0x40c298e0,200,"args_count: 8"
code-creation,LazyCompile,0x40c299c0,496,"ToPrimitive native runtime.js:482",0x40021f60,
code-creation,CallPreMonomorphic,0x40c29bc0,200,"args_count: 1"
code-creation,Stub,0x40c29ca0,80,"TypeRecordingBinaryOpStub_MUL_Alloc_Uninitialized"
code-creation,Stub,0x40c29d00,80,"TypeRecordingBinaryOpStub_ADD_OverwriteRight_Uninitialized"
code-creation,Function,0x40c2a020,900," native regexp.js:366",0x4003b65c,
code-creation,LazyCompile,0x40c2a3c0,212,"RegExpMakeCaptureGetter native regexp.js:365",0x40032574,
code-creation,CallIC,0x40c2a4a0,124,"ToPrimitive"
code-creation,LoadIC,0x40c2a520,88,"$RegExp"
code-creation,LoadIC,0x40c2a520,88,"$RegExp"
code-creation,CallIC,0x40c2a580,124,"RegExpMakeCaptureGetter"
code-delete,0x40c16ae0
code-delete,0x40c16fe0
code-delete,0x40c1b480
code-delete,0x40c1b520
code-delete,0x40c1b5a0
code-delete,0x40c1b620
code-delete,0x40c1b6a0
code-delete,0x40c1c940
code-delete,0x40c1ca80
code-delete,0x40c20e80
code-delete,0x40c21440
code-delete,0x40c214c0
code-delete,0x40c21600
code-delete,0x40c21680
code-delete,0x40c22600
code-delete,0x40c226a0
code-delete,0x40c22800
code-delete,0x40c228a0
code-delete,0x40c22a00
code-delete,0x40c22aa0
code-delete,0x40c234e0
code-delete,0x40c23560
code-delete,0x40c23a20
code-delete,0x40c23ac0
code-delete,0x40c23b60
code-delete,0x40c23c00
code-delete,0x40c23ca0
code-delete,0x40c23d40
code-delete,0x40c23de0
code-delete,0x40c23e80
code-delete,0x40c23f20
code-delete,0x40c24020
code-delete,0x40c240c0
code-delete,0x40c24160
code-delete,0x40c242c0
code-delete,0x40c24360
code-delete,0x40c24400
code-delete,0x40c24480
code-delete,0x40c244e0
code-delete,0x40c24540
code-delete,0x40c245a0
code-delete,0x40c248a0
code-delete,0x40c24900
code-delete,0x40c24a60
code-delete,0x40c24b40
code-delete,0x40c24c80
code-delete,0x40c24d00
code-delete,0x40c24d80
code-delete,0x40c24e00
code-delete,0x40c24e80
code-delete,0x40c24f00
code-delete,0x40c24f80
code-delete,0x40c25000
code-delete,0x40c25080
code-delete,0x40c25120
code-delete,0x40c251c0
code-delete,0x40c25c00
code-delete,0x40c25ca0
code-delete,0x40c2a4a0
code-delete,0x40c2a520
code-delete,0x40c2a580
sfi-move,0x40020228,0x40020228
sfi-move,0x400202b4,0x400202b4
sfi-move,0x4002038c,0x4002038c
sfi-move,0x4002040c,0x4002040c
sfi-move,0x4002048c,0x4002048c
sfi-move,0x40020524,0x40020524
sfi-move,0x400205b4,0x400205b4
sfi-move,0x40020634,0x40020634
sfi-move,0x400206b4,0x400206b4
sfi-move,0x40020734,0x40020734
sfi-move,0x400207b4,0x400207b4
sfi-move,0x40020834,0x40020834
sfi-move,0x400208b4,0x400208b4
sfi-move,0x40020934,0x40020934
sfi-move,0x400209c0,0x400209c0
sfi-move,0x40020a60,0x40020a60
sfi-move,0x40020ae0,0x40020ae0
sfi-move,0x40020b60,0x40020b60
sfi-move,0x40020be0,0x40020be0
sfi-move,0x40020c60,0x40020c60
sfi-move,0x40020e8c,0x40020e8c
sfi-move,0x40021014,0x40021014
sfi-move,0x40021094,0x40021094
sfi-move,0x40021158,0x40021158
sfi-move,0x400211e4,0x400211e4
sfi-move,0x40021498,0x40021448
sfi-move,0x400214f4,0x400214a4
sfi-move,0x40021550,0x40021500
sfi-move,0x400215ac,0x4002155c
sfi-move,0x40021608,0x400215b8
sfi-move,0x40021664,0x40021614
sfi-move,0x400216c0,0x40021670
sfi-move,0x4002171c,0x400216cc
sfi-move,0x40021778,0x40021728
sfi-move,0x400217d4,0x40021784
sfi-move,0x40021830,0x400217e0
sfi-move,0x4002188c,0x4002183c
sfi-move,0x400218e8,0x40021898
sfi-move,0x40021944,0x400218f4
sfi-move,0x400219a0,0x40021950
sfi-move,0x400219fc,0x400219ac
sfi-move,0x40021a58,0x40021a08
sfi-move,0x40021ab4,0x40021a64
sfi-move,0x40021b10,0x40021ac0
sfi-move,0x40021b6c,0x40021b1c
sfi-move,0x40021bc8,0x40021b78
sfi-move,0x40021c24,0x40021bd4
sfi-move,0x40021c80,0x40021c30
sfi-move,0x40021cdc,0x40021c8c
sfi-move,0x40021d38,0x40021ce8
sfi-move,0x40021d94,0x40021d44
sfi-move,0x40021df0,0x40021da0
sfi-move,0x40021e4c,0x40021dfc
sfi-move,0x40021ea8,0x40021e58
sfi-move,0x40021f04,0x40021eb4
sfi-move,0x40021f60,0x40021f10
sfi-move,0x40022020,0x40021fa4
sfi-move,0x4002207c,0x40022020
sfi-move,0x400220d8,0x4002207c
sfi-move,0x40022134,0x400220d8
sfi-move,0x40022190,0x40022134
sfi-move,0x400221ec,0x40022190
sfi-move,0x40022248,0x400221ec
sfi-move,0x400222a4,0x40022248
sfi-move,0x40022300,0x400222a4
sfi-move,0x4002235c,0x40022300
sfi-move,0x400223b8,0x4002235c
sfi-move,0x40022414,0x400223b8
sfi-move,0x40022470,0x40022414
sfi-move,0x400224ec,0x40022490
sfi-move,0x400233f0,0x40023250
sfi-move,0x4002344c,0x400232ac
sfi-move,0x400234a8,0x40023308
sfi-move,0x40023504,0x40023364
sfi-move,0x40023560,0x400233c0
sfi-move,0x400235bc,0x4002341c
sfi-move,0x40023618,0x40023478
sfi-move,0x40023674,0x400234d4
sfi-move,0x400236d0,0x40023530
sfi-move,0x4002372c,0x4002358c
sfi-move,0x40023788,0x400235e8
sfi-move,0x400237e4,0x40023644
sfi-move,0x40023840,0x400236a0
sfi-move,0x4002389c,0x400236fc
sfi-move,0x400238f8,0x40023758
sfi-move,0x40023954,0x400237b4
sfi-move,0x400239b0,0x40023810
sfi-move,0x40023a0c,0x4002386c
sfi-move,0x40023a68,0x400238c8
sfi-move,0x40023ac4,0x40023924
sfi-move,0x40023b20,0x40023980
sfi-move,0x40023b7c,0x400239dc
sfi-move,0x40023bd8,0x40023a38
sfi-move,0x40023c34,0x40023a94
sfi-move,0x40023c90,0x40023af0
sfi-move,0x40023cec,0x40023b4c
sfi-move,0x40023d48,0x40023ba8
sfi-move,0x40023da4,0x40023c04
sfi-move,0x40023e00,0x40023c60
sfi-move,0x40023e5c,0x40023cbc
sfi-move,0x40023eb8,0x40023d18
sfi-move,0x40023f14,0x40023d74
sfi-move,0x40023f70,0x40023dd0
sfi-move,0x40024020,0x40023e58
sfi-move,0x4002407c,0x40023eb4
sfi-move,0x400240d8,0x40023f10
sfi-move,0x40024134,0x40023f6c
sfi-move,0x40024190,0x40024020
sfi-move,0x400241ec,0x4002407c
sfi-move,0x40024248,0x400240d8
sfi-move,0x400242a4,0x40024134
sfi-move,0x40024300,0x40024190
sfi-move,0x4002435c,0x400241ec
sfi-move,0x400243b8,0x40024248
sfi-move,0x40024414,0x400242a4
sfi-move,0x40024470,0x40024300
sfi-move,0x400244cc,0x4002435c
sfi-move,0x40024528,0x400243b8
sfi-move,0x40024584,0x40024414
sfi-move,0x400245e0,0x40024470
sfi-move,0x4002463c,0x400244cc
sfi-move,0x40024698,0x40024528
sfi-move,0x400246f4,0x40024584
sfi-move,0x40024750,0x400245e0
sfi-move,0x400247ac,0x4002463c
sfi-move,0x40024808,0x40024698
sfi-move,0x40024864,0x400246f4
sfi-move,0x400248c0,0x40024750
sfi-move,0x4002491c,0x400247ac
sfi-move,0x40024978,0x40024808
sfi-move,0x400249d4,0x40024864
sfi-move,0x40024a30,0x400248c0
sfi-move,0x40024a8c,0x4002491c
sfi-move,0x40024ae8,0x40024978
sfi-move,0x40024b44,0x400249d4
sfi-move,0x40024ba0,0x40024a30
sfi-move,0x40024bfc,0x40024a8c
sfi-move,0x40024c58,0x40024ae8
sfi-move,0x40024cb4,0x40024b44
sfi-move,0x40024d10,0x40024ba0
sfi-move,0x40024d6c,0x40024bfc
sfi-move,0x40024dc8,0x40024c58
sfi-move,0x40024e24,0x40024cb4
sfi-move,0x40024e80,0x40024d10
sfi-move,0x40024edc,0x40024d6c
sfi-move,0x40024f38,0x40024dc8
sfi-move,0x40024f94,0x40024e24
sfi-move,0x40024ff0,0x40024e80
sfi-move,0x4002504c,0x40024edc
sfi-move,0x400250a8,0x40024f38
sfi-move,0x40025104,0x40024f94
sfi-move,0x40025180,0x40025010
sfi-move,0x400261cc,0x40025fa4
sfi-move,0x40026228,0x40026020
sfi-move,0x40026284,0x4002607c
sfi-move,0x400262e0,0x400260d8
sfi-move,0x4002633c,0x40026134
sfi-move,0x40026398,0x40026190
sfi-move,0x400263f4,0x400261ec
sfi-move,0x40026450,0x40026248
sfi-move,0x400264ac,0x400262a4
sfi-move,0x40026508,0x40026300
sfi-move,0x40026564,0x4002635c
sfi-move,0x400265c0,0x400263b8
sfi-move,0x4002661c,0x40026414
sfi-move,0x40026678,0x40026470
sfi-move,0x400266d4,0x400264cc
sfi-move,0x40026730,0x40026528
sfi-move,0x4002678c,0x40026584
sfi-move,0x400267e8,0x400265e0
sfi-move,0x40026844,0x4002663c
sfi-move,0x400268a0,0x40026698
sfi-move,0x400268fc,0x400266f4
sfi-move,0x40026958,0x40026750
sfi-move,0x400269b4,0x400267ac
sfi-move,0x40026a10,0x40026808
sfi-move,0x40026a6c,0x40026864
sfi-move,0x40026ac8,0x400268c0
sfi-move,0x40026b24,0x4002691c
sfi-move,0x40026b80,0x40026978
sfi-move,0x40026bdc,0x400269d4
sfi-move,0x40026c38,0x40026a30
sfi-move,0x40026c94,0x40026a8c
sfi-move,0x40026cf0,0x40026ae8
sfi-move,0x40026d4c,0x40026b44
sfi-move,0x40026da8,0x40026ba0
sfi-move,0x40026e24,0x40026c1c
sfi-move,0x40027454,0x40027228
sfi-move,0x400274cc,0x400272a0
sfi-move,0x40027550,0x40027324
sfi-move,0x400275d0,0x400273a4
sfi-move,0x40027650,0x40027424
sfi-move,0x400276d0,0x400274a4
sfi-move,0x40027750,0x40027524
sfi-move,0x400277d0,0x400275a4
sfi-move,0x40027850,0x40027624
sfi-move,0x40027bbc,0x40027930
sfi-move,0x40027c18,0x4002798c
sfi-move,0x40027c74,0x400279e8
sfi-move,0x40027cd0,0x40027a44
sfi-move,0x40027d2c,0x40027aa0
sfi-move,0x40027d88,0x40027afc
sfi-move,0x40027de4,0x40027b58
sfi-move,0x40027e40,0x40027bb4
sfi-move,0x40027e9c,0x40027c10
sfi-move,0x40027ef8,0x40027c6c
sfi-move,0x40027f54,0x40027cc8
sfi-move,0x40028020,0x40027d64
sfi-move,0x4002807c,0x40027dc0
sfi-move,0x400280d8,0x40027e1c
sfi-move,0x40028134,0x40027e78
sfi-move,0x40028190,0x40027ed4
sfi-move,0x400281ec,0x40027f30
sfi-move,0x40028248,0x40027f8c
sfi-move,0x400282a4,0x40028020
sfi-move,0x40028300,0x4002807c
sfi-move,0x4002835c,0x400280d8
sfi-move,0x400283b8,0x40028134
sfi-move,0x40028414,0x40028190
sfi-move,0x40028470,0x400281ec
sfi-move,0x400284cc,0x40028248
sfi-move,0x40028528,0x400282a4
sfi-move,0x40028584,0x40028300
sfi-move,0x400285e0,0x4002835c
sfi-move,0x4002863c,0x400283b8
sfi-move,0x40028698,0x40028414
sfi-move,0x400286f4,0x40028470
sfi-move,0x40028750,0x400284cc
sfi-move,0x400287ac,0x40028528
sfi-move,0x40028808,0x40028584
sfi-move,0x40028864,0x400285e0
sfi-move,0x400288c0,0x4002863c
sfi-move,0x4002891c,0x40028698
sfi-move,0x40028978,0x400286f4
sfi-move,0x400289d4,0x40028750
sfi-move,0x40028a30,0x400287ac
sfi-move,0x40028a8c,0x40028808
sfi-move,0x40028ae8,0x40028864
sfi-move,0x40028b44,0x400288c0
sfi-move,0x40028ba0,0x4002891c
sfi-move,0x40028bfc,0x40028978
sfi-move,0x40028c58,0x400289d4
sfi-move,0x40028cb4,0x40028a30
sfi-move,0x40028d10,0x40028a8c
sfi-move,0x40028d6c,0x40028ae8
sfi-move,0x40028de8,0x40028b64
sfi-move,0x40029750,0x40029408
sfi-move,0x400297ac,0x40029464
sfi-move,0x40029808,0x400294c0
sfi-move,0x40029864,0x4002951c
sfi-move,0x400298c0,0x40029578
sfi-move,0x4002991c,0x400295d4
sfi-move,0x40029978,0x40029630
sfi-move,0x400299d4,0x4002968c
sfi-move,0x40029a30,0x400296e8
sfi-move,0x40029a8c,0x40029744
sfi-move,0x40029ae8,0x400297a0
sfi-move,0x40029b44,0x400297fc
sfi-move,0x40029ba0,0x40029858
sfi-move,0x40029bfc,0x400298b4
sfi-move,0x40029c58,0x40029910
sfi-move,0x40029cb4,0x4002996c
sfi-move,0x40029d10,0x400299c8
sfi-move,0x40029d6c,0x40029a24
sfi-move,0x40029dc8,0x40029a80
sfi-move,0x40029e44,0x40029afc
sfi-move,0x4002a2d8,0x40029f40
sfi-move,0x4002a334,0x40029f9c
sfi-move,0x4002a390,0x4002a020
sfi-move,0x4002a3ec,0x4002a07c
sfi-move,0x4002a448,0x4002a0d8
sfi-move,0x4002a4a4,0x4002a134
sfi-move,0x4002a500,0x4002a190
sfi-move,0x4002a55c,0x4002a1ec
sfi-move,0x4002a5b8,0x4002a248
sfi-move,0x4002a614,0x4002a2a4
sfi-move,0x4002a670,0x4002a300
sfi-move,0x4002a6cc,0x4002a35c
sfi-move,0x4002a728,0x4002a3b8
sfi-move,0x4002a784,0x4002a414
sfi-move,0x4002a7e0,0x4002a470
sfi-move,0x4002a83c,0x4002a4cc
sfi-move,0x4002a898,0x4002a528
sfi-move,0x4002a8f4,0x4002a584
sfi-move,0x4002a950,0x4002a5e0
sfi-move,0x4002a9ac,0x4002a63c
sfi-move,0x4002aa28,0x4002a6b8
sfi-move,0x4002bdd4,0x4002abd4
sfi-move,0x4002be30,0x4002ac30
sfi-move,0x4002be8c,0x4002ac8c
sfi-move,0x4002bee8,0x4002ace8
sfi-move,0x4002bf44,0x4002ad44
sfi-move,0x4002bfa0,0x4002ada0
sfi-move,0x4002c020,0x4002adfc
sfi-move,0x4002c07c,0x4002ae58
sfi-move,0x4002c0d8,0x4002aeb4
sfi-move,0x4002c134,0x4002af10
sfi-move,0x4002c190,0x4002af6c
sfi-move,0x4002c1ec,0x4002afc8
sfi-move,0x4002c248,0x4002b024
sfi-move,0x4002c2a4,0x4002b080
sfi-move,0x4002c300,0x4002b0dc
sfi-move,0x4002c35c,0x4002b138
sfi-move,0x4002c3b8,0x4002b194
sfi-move,0x4002c414,0x4002b1f0
sfi-move,0x4002c470,0x4002b24c
sfi-move,0x4002c4cc,0x4002b2a8
sfi-move,0x4002c528,0x4002b304
sfi-move,0x4002c584,0x4002b360
sfi-move,0x4002c5e0,0x4002b3bc
sfi-move,0x4002c63c,0x4002b418
sfi-move,0x4002c698,0x4002b474
sfi-move,0x4002c6f4,0x4002b4d0
sfi-move,0x4002c750,0x4002b52c
sfi-move,0x4002c7ac,0x4002b588
sfi-move,0x4002c808,0x4002b5e4
sfi-move,0x4002c864,0x4002b640
sfi-move,0x4002c8c0,0x4002b69c
sfi-move,0x4002c91c,0x4002b6f8
sfi-move,0x4002c978,0x4002b754
sfi-move,0x4002c9d4,0x4002b7b0
sfi-move,0x4002ca30,0x4002b80c
sfi-move,0x4002ca8c,0x4002b868
sfi-move,0x4002cae8,0x4002b8c4
sfi-move,0x4002cb44,0x4002b920
sfi-move,0x4002cba0,0x4002b97c
sfi-move,0x4002cbfc,0x4002b9d8
sfi-move,0x4002cc58,0x4002ba34
sfi-move,0x4002ccb4,0x4002ba90
sfi-move,0x4002cd10,0x4002baec
sfi-move,0x4002cd6c,0x4002bb48
sfi-move,0x4002cdc8,0x4002bba4
sfi-move,0x4002ce24,0x4002bc00
sfi-move,0x4002ce80,0x4002bc5c
sfi-move,0x4002cedc,0x4002bcb8
sfi-move,0x4002cf38,0x4002bd14
sfi-move,0x4002cf94,0x4002bd70
sfi-move,0x4002cff0,0x4002bdcc
sfi-move,0x4002d04c,0x4002be28
sfi-move,0x4002d0a8,0x4002be84
sfi-move,0x4002d104,0x4002bee0
sfi-move,0x4002d160,0x4002bf3c
sfi-move,0x4002d1bc,0x4002bf98
sfi-move,0x4002d218,0x4002c020
sfi-move,0x4002d274,0x4002c07c
sfi-move,0x4002d2d0,0x4002c0d8
sfi-move,0x4002d32c,0x4002c134
sfi-move,0x4002d388,0x4002c190
sfi-move,0x4002d404,0x4002c20c
sfi-move,0x4002de18,0x4002cbe0
sfi-move,0x4002de94,0x4002cc5c
sfi-move,0x4002df10,0x4002ccd8
sfi-move,0x4002e020,0x4002cd84
sfi-move,0x4002e124,0x4002ce7c
sfi-move,0x4002e1a0,0x4002cef8
sfi-move,0x4002e6b8,0x4002d35c
sfi-move,0x4002e714,0x4002d3b8
sfi-move,0x4002e770,0x4002d414
sfi-move,0x4002e7cc,0x4002d470
sfi-move,0x4002e844,0x4002d4e8
sfi-move,0x4002ee04,0x4002da60
sfi-move,0x4002ee60,0x4002dabc
sfi-move,0x4002eebc,0x4002db18
sfi-move,0x4002ef18,0x4002db74
sfi-move,0x4002ef74,0x4002dbd0
sfi-move,0x4002efd0,0x4002dc2c
sfi-move,0x4002f02c,0x4002dc88
sfi-move,0x4002f088,0x4002dce4
sfi-move,0x4002f0e4,0x4002dd40
sfi-move,0x4002f140,0x4002dd9c
sfi-move,0x4002f19c,0x4002ddf8
sfi-move,0x4002f1f8,0x4002de54
sfi-move,0x4002f254,0x4002deb0
sfi-move,0x4002f2b0,0x4002df0c
sfi-move,0x4002f30c,0x4002df68
sfi-move,0x4002f368,0x4002e020
sfi-move,0x4002f3c4,0x4002e07c
sfi-move,0x4002f420,0x4002e0d8
sfi-move,0x4002f47c,0x4002e134
sfi-move,0x4002f4d8,0x4002e190
sfi-move,0x4002f534,0x4002e1ec
sfi-move,0x4002f590,0x4002e248
sfi-move,0x4002f5ec,0x4002e2a4
sfi-move,0x4002f648,0x4002e300
sfi-move,0x4002f6a4,0x4002e35c
sfi-move,0x4002f700,0x4002e3b8
sfi-move,0x4002f75c,0x4002e414
sfi-move,0x4002f7b8,0x4002e470
sfi-move,0x4002f814,0x4002e4cc
sfi-move,0x4002f870,0x4002e528
sfi-move,0x4002f8cc,0x4002e584
sfi-move,0x4002f928,0x4002e5e0
sfi-move,0x4002f984,0x4002e63c
sfi-move,0x4002f9e0,0x4002e698
sfi-move,0x4002fa3c,0x4002e6f4
sfi-move,0x4002fa98,0x4002e750
sfi-move,0x4002faf4,0x4002e7ac
sfi-move,0x4002fb50,0x4002e808
sfi-move,0x4002fbac,0x4002e864
sfi-move,0x4002fc08,0x4002e8c0
sfi-move,0x4002fc64,0x4002e91c
sfi-move,0x4002fcc0,0x4002e978
sfi-move,0x4002fd1c,0x4002e9d4
sfi-move,0x4002fd78,0x4002ea30
sfi-move,0x4002fdd4,0x4002ea8c
sfi-move,0x4002fe30,0x4002eae8
sfi-move,0x4002fe8c,0x4002eb44
sfi-move,0x4002fee8,0x4002eba0
sfi-move,0x4002ff44,0x4002ebfc
sfi-move,0x4002ffa0,0x4002ec58
sfi-move,0x40030020,0x4002ecb4
sfi-move,0x4003007c,0x4002ed10
sfi-move,0x400300d8,0x4002ed6c
sfi-move,0x40030134,0x4002edc8
sfi-move,0x40030190,0x4002ee24
sfi-move,0x400301ec,0x4002ee80
sfi-move,0x40030248,0x4002eedc
sfi-move,0x400302a4,0x4002ef38
sfi-move,0x40030300,0x4002ef94
sfi-move,0x4003035c,0x4002eff0
sfi-move,0x400303b8,0x4002f04c
sfi-move,0x40030414,0x4002f0a8
sfi-move,0x40030470,0x4002f104
sfi-move,0x400304cc,0x4002f160
sfi-move,0x40030528,0x4002f1bc
sfi-move,0x40030584,0x4002f218
sfi-move,0x400305e0,0x4002f274
sfi-move,0x4003063c,0x4002f2d0
sfi-move,0x40030698,0x4002f32c
sfi-move,0x400306f4,0x4002f388
sfi-move,0x40030750,0x4002f3e4
sfi-move,0x400307ac,0x4002f440
sfi-move,0x40030808,0x4002f49c
sfi-move,0x40030864,0x4002f4f8
sfi-move,0x400308c0,0x4002f554
sfi-move,0x4003091c,0x4002f5b0
sfi-move,0x40030978,0x4002f60c
sfi-move,0x400309d4,0x4002f668
sfi-move,0x40030a30,0x4002f6c4
sfi-move,0x40030a8c,0x4002f720
sfi-move,0x40030ae8,0x4002f77c
sfi-move,0x40030b44,0x4002f7d8
sfi-move,0x40030bc0,0x4002f854
sfi-move,0x4003194c,0x40030584
sfi-move,0x400319a8,0x400305e0
sfi-move,0x40031a04,0x4003063c
sfi-move,0x40031a60,0x40030698
sfi-move,0x40031abc,0x400306f4
sfi-move,0x40031b18,0x40030750
sfi-move,0x40031b74,0x400307ac
sfi-move,0x40031bd0,0x40030808
sfi-move,0x40031c2c,0x40030864
sfi-move,0x40031c88,0x400308c0
sfi-move,0x40031d04,0x4003093c
sfi-move,0x400320c8,0x40030c48
sfi-move,0x40032124,0x40030ca4
sfi-move,0x40032180,0x40030d00
sfi-move,0x400321dc,0x40030d5c
sfi-move,0x40032238,0x40030db8
sfi-move,0x40032294,0x40030e14
sfi-move,0x400322f0,0x40030e70
sfi-move,0x4003234c,0x40030ecc
sfi-move,0x400323a8,0x40030f28
sfi-move,0x40032404,0x40030f84
sfi-move,0x40032460,0x40030fe0
sfi-move,0x400324bc,0x4003103c
sfi-move,0x40032518,0x40031098
sfi-move,0x40032574,0x400310f4
sfi-move,0x400325d0,0x40031150
sfi-move,0x4003264c,0x400311cc
sfi-move,0x4003294c,0x400314a8
sfi-move,0x400329c8,0x40031524
sfi-move,0x40032a40,0x4003159c
sfi-move,0x40032abc,0x40031618
sfi-move,0x40032b38,0x40031694
sfi-move,0x4003b65c,0x40039470
sfi-move,0x4003b770,0x40039584
sfi-move,0x4003b7f0,0x40039604
code-move,0x40c0c020,0x40c0c020
code-move,0x40c0c160,0x40c0c160
code-move,0x40c0c2a0,0x40c0c2a0
code-move,0x40c0c2e0,0x40c0c2e0
code-move,0x40c0c320,0x40c0c320
code-move,0x40c0c360,0x40c0c360
code-move,0x40c0c3a0,0x40c0c3a0
code-move,0x40c0c3e0,0x40c0c3e0
code-move,0x40c0c420,0x40c0c420
code-move,0x40c0c460,0x40c0c460
code-move,0x40c0c4a0,0x40c0c4a0
code-move,0x40c0c4e0,0x40c0c4e0
code-move,0x40c0c520,0x40c0c520
code-move,0x40c0c560,0x40c0c560
code-move,0x40c0c5a0,0x40c0c5a0
code-move,0x40c0c5e0,0x40c0c5e0
code-move,0x40c0c620,0x40c0c620
code-move,0x40c0c660,0x40c0c660
code-move,0x40c0c6a0,0x40c0c6a0
code-move,0x40c0c6e0,0x40c0c6e0
code-move,0x40c0c720,0x40c0c720
code-move,0x40c0c760,0x40c0c760
code-move,0x40c0c840,0x40c0c840
code-move,0x40c0c8c0,0x40c0c8c0
code-move,0x40c0cb20,0x40c0cb20
code-move,0x40c0cd40,0x40c0cd40
code-move,0x40c0cf40,0x40c0cf40
code-move,0x40c0d020,0x40c0d020
code-move,0x40c0d0e0,0x40c0d0e0
code-move,0x40c0d160,0x40c0d160
code-move,0x40c0d1e0,0x40c0d1e0
code-move,0x40c0d280,0x40c0d280
code-move,0x40c0d320,0x40c0d320
code-move,0x40c0d3a0,0x40c0d3a0
code-move,0x40c0d400,0x40c0d400
code-move,0x40c0d440,0x40c0d440
code-move,0x40c0d4a0,0x40c0d4a0
code-move,0x40c0d4e0,0x40c0d4e0
code-move,0x40c0d540,0x40c0d540
code-move,0x40c0d5a0,0x40c0d5a0
code-move,0x40c0d6e0,0x40c0d6e0
code-move,0x40c0d740,0x40c0d740
code-move,0x40c0d7a0,0x40c0d7a0
code-move,0x40c0d840,0x40c0d840
code-move,0x40c0d8e0,0x40c0d8e0
code-move,0x40c0da00,0x40c0da00
code-move,0x40c0da40,0x40c0da40
code-move,0x40c0da80,0x40c0da80
code-move,0x40c0e020,0x40c0e020
code-move,0x40c0e2c0,0x40c0e2c0
code-move,0x40c0e340,0x40c0e340
code-move,0x40c0e3a0,0x40c0e3a0
code-move,0x40c0e440,0x40c0e440
code-move,0x40c0e5c0,0x40c0e5c0
code-move,0x40c0e6e0,0x40c0e6e0
code-move,0x40c0e740,0x40c0e740
code-move,0x40c0e7a0,0x40c0e7a0
code-move,0x40c0e840,0x40c0e840
code-move,0x40c0e9c0,0x40c0e9c0
code-move,0x40c0eae0,0x40c0eae0
code-move,0x40c0eb40,0x40c0eb40
code-move,0x40c0eb80,0x40c0eb80
code-move,0x40c0ecc0,0x40c0ecc0
code-move,0x40c0ed00,0x40c0ed00
code-move,0x40c0ee40,0x40c0ee40
code-move,0x40c0efe0,0x40c0efe0
code-move,0x40c0f1a0,0x40c0f1a0
code-move,0x40c0f400,0x40c0f400
code-move,0x40c0f660,0x40c0f660
code-move,0x40c0f820,0x40c0f820
code-move,0x40c0fb80,0x40c0fb80
code-move,0x40c0fc00,0x40c0fc00
code-move,0x40c0fc80,0x40c0fc80
code-move,0x40c0fd00,0x40c0fd00
code-move,0x40c0fd80,0x40c0fd80
code-move,0x40c0fe00,0x40c0fe00
code-move,0x40c0fe80,0x40c0fe80
code-move,0x40c0ff00,0x40c0ff00
code-move,0x40c0ff80,0x40c0ff80
code-move,0x40c10020,0x40c10020
code-move,0x40c10080,0x40c10080
code-move,0x40c100c0,0x40c100c0
code-move,0x40c10400,0x40c10400
code-move,0x40c104e0,0x40c104e0
code-move,0x40c105c0,0x40c105c0
code-move,0x40c10be0,0x40c10be0
code-move,0x40c10d60,0x40c10d60
code-move,0x40c10e40,0x40c10e40
code-move,0x40c10ee0,0x40c10ee0
code-move,0x40c11380,0x40c11380
code-move,0x40c11840,0x40c11840
code-move,0x40c11b60,0x40c11b60
code-move,0x40c11ca0,0x40c11ca0
code-move,0x40c11de0,0x40c11de0
code-move,0x40c12020,0x40c12020
code-move,0x40c12160,0x40c12160
code-move,0x40c122a0,0x40c122a0
code-move,0x40c12460,0x40c12460
code-move,0x40c125a0,0x40c125a0
code-move,0x40c12680,0x40c12680
code-move,0x40c12760,0x40c12760
code-move,0x40c128a0,0x40c128a0
code-move,0x40c12a60,0x40c12a60
code-move,0x40c12ba0,0x40c12ba0
code-move,0x40c12c80,0x40c12c80
code-move,0x40c12d60,0x40c12d60
code-move,0x40c12f80,0x40c12f80
code-move,0x40c13060,0x40c13060
code-move,0x40c13120,0x40c13120
code-move,0x40c13400,0x40c13400
code-move,0x40c13480,0x40c13480
code-move,0x40c135a0,0x40c135a0
code-move,0x40c136c0,0x40c136c0
code-move,0x40c138a0,0x40c138a0
code-move,0x40c13a80,0x40c13a80
code-move,0x40c13b20,0x40c13b20
code-move,0x40c13bc0,0x40c13bc0
code-move,0x40c13c60,0x40c13c60
code-move,0x40c13d00,0x40c13d00
code-move,0x40c14020,0x40c14020
code-move,0x40c142a0,0x40c142a0
code-move,0x40c14540,0x40c14540
code-move,0x40c145e0,0x40c145e0
code-move,0x40c14680,0x40c14680
code-move,0x40c14720,0x40c14720
code-move,0x40c147e0,0x40c147e0
code-move,0x40c14ce0,0x40c14ce0
code-move,0x40c14dc0,0x40c14dc0
code-move,0x40c14ea0,0x40c14ea0
code-move,0x40c15d80,0x40c15d80
code-move,0x40c15e60,0x40c15e60
code-move,0x40c16020,0x40c16020
code-move,0x40c16100,0x40c16100
code-move,0x40c163a0,0x40c163a0
code-move,0x40c16480,0x40c16480
code-move,0x40c16560,0x40c16560
code-move,0x40c165c0,0x40c165c0
code-move,0x40c16620,0x40c16620
code-move,0x40c16900,0x40c16900
code-move,0x40c169a0,0x40c169a0
code-move,0x40c16a40,0x40c16a40
code-move,0x40c16b60,0x40c16ae0
code-move,0x40c16be0,0x40c16b60
code-move,0x40c16d20,0x40c16ca0
code-move,0x40c16e00,0x40c16d80
code-move,0x40c17080,0x40c16f60
code-move,0x40c17220,0x40c17100
code-move,0x40c17300,0x40c171e0
code-move,0x40c173e0,0x40c172c0
code-move,0x40c178c0,0x40c177a0
code-move,0x40c179a0,0x40c17880
code-move,0x40c17a80,0x40c17960
code-move,0x40c17b60,0x40c17a40
code-move,0x40c17ca0,0x40c17b80
code-move,0x40c17d80,0x40c17c60
code-move,0x40c17ee0,0x40c17dc0
code-move,0x40c18020,0x40c18020
code-move,0x40c18240,0x40c18240
code-move,0x40c18320,0x40c18320
code-move,0x40c187e0,0x40c187e0
code-move,0x40c188c0,0x40c188c0
code-move,0x40c18920,0x40c18920
code-move,0x40c189c0,0x40c189c0
code-move,0x40c18a20,0x40c18a20
code-move,0x40c18a80,0x40c18a80
code-move,0x40c18b80,0x40c18b80
code-move,0x40c190c0,0x40c190c0
code-move,0x40c19200,0x40c19200
code-move,0x40c19320,0x40c19320
code-move,0x40c193e0,0x40c193e0
code-move,0x40c19540,0x40c19540
code-move,0x40c19600,0x40c19600
code-move,0x40c19700,0x40c19700
code-move,0x40c19800,0x40c19800
code-move,0x40c198e0,0x40c198e0
code-move,0x40c1a020,0x40c1a020
code-move,0x40c1ada0,0x40c1ada0
code-move,0x40c1ae80,0x40c1ae80
code-move,0x40c1af60,0x40c1af60
code-move,0x40c1b1a0,0x40c1b1a0
code-move,0x40c1b3a0,0x40c1b3a0
code-move,0x40c1b720,0x40c1b480
code-move,0x40c1b800,0x40c1b560
code-move,0x40c1b900,0x40c1b660
code-move,0x40c1b9c0,0x40c1b720
code-move,0x40c1be60,0x40c1bbc0
code-move,0x40c1c020,0x40c1bd60
code-move,0x40c1c100,0x40c1c020
code-move,0x40c1c860,0x40c1c780
code-move,0x40c1c9a0,0x40c1c860
code-move,0x40c1cb00,0x40c1c940
code-move,0x40c1cc20,0x40c1ca60
code-move,0x40c1cde0,0x40c1cc20
code-move,0x40c1d0e0,0x40c1cf20
code-move,0x40c1d140,0x40c1cf80
code-move,0x40c1d220,0x40c1d060
code-move,0x40c1d8e0,0x40c1d720
code-move,0x40c1e020,0x40c1e020
code-move,0x40c1f5c0,0x40c1f5c0
code-move,0x40c1f680,0x40c1f680
code-move,0x40c1f6e0,0x40c1f6e0
code-move,0x40c1f7c0,0x40c1f7c0
code-move,0x40c1fa60,0x40c1fa60
code-move,0x40c20020,0x40c20020
code-move,0x40c205e0,0x40c205e0
code-move,0x40c20ba0,0x40c20ba0
code-move,0x40c20c40,0x40c20c40
code-move,0x40c20ee0,0x40c20e80
code-move,0x40c21100,0x40c210a0
code-move,0x40c211a0,0x40c21140
code-move,0x40c21520,0x40c213e0
code-move,0x40c21720,0x40c214c0
code-move,0x40c217e0,0x40c21580
code-move,0x40c21920,0x40c216c0
code-move,0x40c219e0,0x40c21780
code-move,0x40c21ae0,0x40c21880
code-move,0x40c21c80,0x40c21a20
code-move,0x40c21d80,0x40c21b20
code-move,0x40c22020,0x40c21d00
code-move,0x40c22300,0x40c22020
code-move,0x40c22540,0x40c22260
code-move,0x40c22740,0x40c22320
code-move,0x40c22940,0x40c223e0
code-move,0x40c22b40,0x40c224a0
code-move,0x40c22ba0,0x40c22500
code-move,0x40c22ec0,0x40c22820
code-move,0x40c22f40,0x40c228a0
code-move,0x40c22fc0,0x40c22920
code-move,0x40c23040,0x40c229a0
code-move,0x40c230c0,0x40c22a20
code-move,0x40c23140,0x40c22aa0
code-move,0x40c23260,0x40c22bc0
code-move,0x40c233c0,0x40c22d20
code-move,0x40c235c0,0x40c22e40
code-move,0x40c23640,0x40c22ec0
code-move,0x40c236c0,0x40c22f40
code-move,0x40c23740,0x40c22fc0
code-move,0x40c24200,0x40c232a0
code-move,0x40c24600,0x40c23360
code-move,0x40c24660,0x40c233c0
code-move,0x40c24960,0x40c23600
code-move,0x40c249e0,0x40c23680
code-move,0x40c24ac0,0x40c23700
code-move,0x40c24ba0,0x40c23780
code-move,0x40c25260,0x40c23860
code-move,0x40c253a0,0x40c239a0
code-move,0x40c25480,0x40c24020
code-move,0x40c25d40,0x40c247a0
code-move,0x40c26020,0x40c24840
code-move,0x40c269c0,0x40c251e0
code-move,0x40c26b80,0x40c253a0
code-move,0x40c26d00,0x40c25520
code-move,0x40c26de0,0x40c25600
code-move,0x40c26ee0,0x40c25700
code-move,0x40c26fc0,0x40c257e0
code-move,0x40c270a0,0x40c26020
code-move,0x40c27a00,0x40c26980
code-move,0x40c27ae0,0x40c26a60
code-move,0x40c27bc0,0x40c26b40
code-move,0x40c27ce0,0x40c26c60
code-move,0x40c28020,0x40c26d80
code-move,0x40c28260,0x40c26fc0
code-move,0x40c28340,0x40c270a0
code-move,0x40c28400,0x40c27160
code-move,0x40c28480,0x40c271e0
code-move,0x40c28580,0x40c272e0
code-move,0x40c285e0,0x40c27340
code-move,0x40c286c0,0x40c27420
code-move,0x40c287a0,0x40c28020
code-move,0x40c29780,0x40c29000
code-move,0x40c298e0,0x40c29160
code-move,0x40c299c0,0x40c29240
code-move,0x40c29bc0,0x40c29440
code-move,0x40c29ca0,0x40c29520
code-move,0x40c29d00,0x40c29580
code-move,0x40c2a020,0x40c295e0
code-move,0x40c2a3c0,0x40c29980
